<?xml version="1.0" encoding="UTF-8"?>
<!-- Generated by org.testng.reporters.JUnitReportReporter -->
<testsuite hostname="manohari" failures="0" tests="1" name="com.qa.testcases.TC_ADDCustomer_003" time="12.406" errors="0" timestamp="2021-12-02T12:47:16 IST" skipped="0">
  <testcase classname="com.qa.testcases.TC_ADDCustomer_003" name="addNewCustomer" time="12.406"/>
  <system-out/>
</testsuite> <!-- com.qa.testcases.TC_ADDCustomer_003 -->
