<?xml version="1.0" encoding="UTF-8"?>
<!-- Generated by org.testng.reporters.JUnitReportReporter -->
<testsuite skipped="0" hostname="manohari" name="com.qa.testcases.TC_ADDCustomer_003" tests="1" failures="0" timestamp="03 Dec 2021 08:20:48 GMT" time="12.506" errors="0">
  <testcase name="addNewCustomer" time="12.506" classname="com.qa.testcases.TC_ADDCustomer_003"/>
</testsuite> <!-- com.qa.testcases.TC_ADDCustomer_003 -->
